[debug] [2018-06-01T12:44:49.740Z] ----------------------------------------------------------------------
[debug] [2018-06-01T12:44:49.742Z] Command:       /usr/bin/node /usr/bin/firebase serve
[debug] [2018-06-01T12:44:49.742Z] CLI Version:   3.18.5
[debug] [2018-06-01T12:44:49.743Z] Platform:      linux
[debug] [2018-06-01T12:44:49.743Z] Node Version:  v8.11.2
[debug] [2018-06-01T12:44:49.743Z] Time:          Fri Jun 01 2018 14:44:49 GMT+0200 (CEST)
[debug] [2018-06-01T12:44:49.743Z] ----------------------------------------------------------------------
[debug] 
[debug] [2018-06-01T12:44:49.750Z] > command requires scopes: ["email","openid","https://www.googleapis.com/auth/cloudplatformprojects.readonly","https://www.googleapis.com/auth/firebase","https://www.googleapis.com/auth/cloud-platform"]
[debug] [2018-06-01T12:44:49.751Z] > authorizing via signed-in user
[debug] [2018-06-01T12:44:49.753Z] >>> HTTP REQUEST GET https://admin.firebase.com/v1/projects/chat-firebase-ae063  
  
 Fri Jun 01 2018 14:44:49 GMT+0200 (CEST)
[debug] [2018-06-01T12:44:50.646Z] <<< HTTP RESPONSE 200
[debug] [2018-06-01T12:44:50.647Z] >>> HTTP REQUEST GET https://admin.firebase.com/v1/database/chat-firebase-ae063/tokens  
  
 Fri Jun 01 2018 14:44:50 GMT+0200 (CEST)
[debug] [2018-06-01T12:44:51.328Z] <<< HTTP RESPONSE 200
[debug] [2018-06-01T12:44:51.330Z] >>> HTTP REQUEST GET https://cloudresourcemanager.googleapis.com/v1/projects/chat-firebase-ae063  
  
 Fri Jun 01 2018 14:44:51 GMT+0200 (CEST)
[debug] [2018-06-01T12:44:52.082Z] <<< HTTP RESPONSE 200
[info] 
[info] === Serving from '/home/usuario/Documentos/Proyectos/friendlychat-web/web-start'...
[info] 
[debug] [2018-06-01T12:44:52.186Z] TypeError: Path must be a string. Received undefined
    at assertPath (path.js:28:11)
    at Object.join (path.js:1236:7)
    at FunctionsEmulator.start (/usr/lib/node_modules/firebase-tools/lib/functionsEmulator.js:95:27)
    at Object.start (/usr/lib/node_modules/firebase-tools/lib/serve/functions.js:9:29)
    at /usr/lib/node_modules/firebase-tools/lib/serve/index.js:17:21
    at arrayMap (/usr/lib/node_modules/firebase-tools/node_modules/lodash/lodash.js:639:23)
    at Function.map (/usr/lib/node_modules/firebase-tools/node_modules/lodash/lodash.js:9554:14)
    at _serve (/usr/lib/node_modules/firebase-tools/lib/serve/index.js:15:7)
    at Command._action (/usr/lib/node_modules/firebase-tools/commands/serve.js:48:12)
    at /usr/lib/node_modules/firebase-tools/lib/command.js:200:29
[error] 
[error] Error: An unexpected error has occurred.
[debug] [2018-06-06T15:46:57.706Z] ----------------------------------------------------------------------
[debug] [2018-06-06T15:46:57.708Z] Command:       /usr/bin/node /usr/bin/firebase deploy
[debug] [2018-06-06T15:46:57.708Z] CLI Version:   3.18.6
[debug] [2018-06-06T15:46:57.708Z] Platform:      linux
[debug] [2018-06-06T15:46:57.708Z] Node Version:  v8.11.2
[debug] [2018-06-06T15:46:57.708Z] Time:          Wed Jun 06 2018 17:46:57 GMT+0200 (CEST)
[debug] [2018-06-06T15:46:57.708Z] ----------------------------------------------------------------------
[debug] 
[debug] [2018-06-06T15:46:57.715Z] > command requires scopes: ["email","openid","https://www.googleapis.com/auth/cloudplatformprojects.readonly","https://www.googleapis.com/auth/firebase","https://www.googleapis.com/auth/cloud-platform"]
[debug] [2018-06-06T15:46:57.715Z] > authorizing via signed-in user
[debug] [2018-06-06T15:46:57.717Z] > refreshing access token with scopes: ["email","https://www.googleapis.com/auth/cloud-platform","https://www.googleapis.com/auth/cloudplatformprojects.readonly","https://www.googleapis.com/auth/firebase","openid"]
[debug] [2018-06-06T15:46:57.717Z] >>> HTTP REQUEST POST https://www.googleapis.com/oauth2/v3/token  
 { refresh_token: '1/FwM9ztwr6mvkubUozgVPmcic7R-k9IYUBs18Nyu72O8fWjDGDP0MX4QryS5paAXx',
  client_id: '563584335869-fgrhgmd47bqnekij5i8b5pr03ho849e6.apps.googleusercontent.com',
  client_secret: 'j9iVZfS8kkCEFUPaAeJV0sAi',
  grant_type: 'refresh_token',
  scope: 'email https://www.googleapis.com/auth/cloud-platform https://www.googleapis.com/auth/cloudplatformprojects.readonly https://www.googleapis.com/auth/firebase openid' } 
 Wed Jun 06 2018 17:46:57 GMT+0200 (CEST)
[debug] [2018-06-06T15:46:57.894Z] <<< HTTP RESPONSE 200
[debug] [2018-06-06T15:46:57.901Z] >>> HTTP REQUEST GET https://admin.firebase.com/v1/projects/chat-firebase-ae063  
  
 Wed Jun 06 2018 17:46:57 GMT+0200 (CEST)
[debug] [2018-06-06T15:46:58.847Z] <<< HTTP RESPONSE 200
[debug] [2018-06-06T15:46:58.849Z] >>> HTTP REQUEST GET https://admin.firebase.com/v1/database/chat-firebase-ae063/tokens  
  
 Wed Jun 06 2018 17:46:58 GMT+0200 (CEST)
[debug] [2018-06-06T15:46:59.444Z] <<< HTTP RESPONSE 200
[info] 
[info] === Deploying to 'chat-firebase-ae063'...
[info] 
[info] i  deploying database, storage, firestore, functions, hosting
[debug] [2018-06-06T15:47:00.420Z] TypeError: Path must be a string. Received undefined
    at assertPath (path.js:28:11)
    at Object.join (path.js:1236:7)
    at Config.path (/usr/lib/node_modules/firebase-tools/lib/config.js:166:37)
    at /usr/lib/node_modules/firebase-tools/lib/deploy/lifecycleHooks.js:68:38
    at _chain (/usr/lib/node_modules/firebase-tools/lib/deploy/index.js:26:38)
    at /usr/lib/node_modules/firebase-tools/lib/deploy/index.js:29:14
    at <anonymous>
    at process._tickDomainCallback (internal/process/next_tick.js:228:7)
[error] 
[error] Error: An unexpected error has occurred.
